<?xml version="1.0" encoding="UTF-8"?>
<!-- Generated by org.testng.reporters.JUnitReportReporter -->
<testsuite hostname="PavilionLYX-PC" name="com.gruc.testcases.TestEntrance" tests="3" failures="0" timestamp="26 Feb 2016 07:55:58 GMT" time="35.772" errors="0">
  <testcase name="testLogout" time="4.540" classname="com.gruc.testcases.TestEntrance"/>
  <testcase name="testLoginAty" time="26.963" classname="com.gruc.testcases.TestEntrance"/>
  <testcase name="testAdvanceSettingsAty" time="4.269" classname="com.gruc.testcases.TestEntrance"/>
</testsuite> <!-- com.gruc.testcases.TestEntrance -->
