<?xml version="1.0" encoding="UTF-8"?>
<!-- Generated by org.testng.reporters.JUnitReportReporter -->
<testsuite hostname="PavilionLYX-PC" name="com.gruc.testcases.TestSettingsAty" tests="1" failures="0" timestamp="23 Feb 2016 09:36:54 GMT" time="2.997" errors="0">
  <testcase name="testAdvancesettings" time="2.997" classname="com.gruc.testcases.TestSettingsAty"/>
</testsuite> <!-- com.gruc.testcases.TestSettingsAty -->
