<?xml version="1.0" encoding="UTF-8"?>
<!-- Generated by org.testng.reporters.JUnitReportReporter -->
<testsuite hostname="PavilionLYX-PC" name="com.gruc.test.TestEntrance" tests="1" failures="0" timestamp="23 Feb 2016 06:36:20 GMT" time="41.785" errors="0">
  <testcase name="testEntrance" time="41.785" classname="com.gruc.test.TestEntrance"/>
</testsuite> <!-- com.gruc.test.TestEntrance -->
