<?xml version="1.0" encoding="UTF-8"?>
<!-- Generated by org.testng.reporters.JUnitReportReporter -->
<testsuite hostname="PavilionLYX-PC" name="com.labs.TestAdvanceSettingsAty" tests="1" failures="0" timestamp="23 Feb 2016 09:28:54 GMT" time="4.321" errors="0">
  <testcase name="testAdvancesettings" time="4.321" classname="com.labs.TestAdvanceSettingsAty"/>
</testsuite> <!-- com.labs.TestAdvanceSettingsAty -->
